  List.cpp
D:\My projects\Labs2Sem3\List.cpp(71,12): warning C4018: <=: несоответствие типов со знаком и без знака
D:\My projects\Labs2Sem3\List.cpp(94,12): warning C4018: <=: несоответствие типов со знаком и без знака
D:\My projects\Labs2Sem3\List.cpp(110,12): warning C4018: <=: несоответствие типов со знаком и без знака
D:\My projects\Labs2Sem3\List.cpp(139,12): warning C4018: <=: несоответствие типов со знаком и без знака
D:\My projects\Labs2Sem3\List.cpp(163,14): warning C4018: <: несоответствие типов со знаком и без знака
D:\My projects\Labs2Sem3\List.cpp(163,39): warning C4018: <: несоответствие типов со знаком и без знака
D:\My projects\Labs2Sem3\List.cpp(169,16): warning C4018: <: несоответствие типов со знаком и без знака
D:\My projects\Labs2Sem3\List.cpp(183,16): warning C4018: <: несоответствие типов со знаком и без знака
D:\My projects\Labs2Sem3\List.cpp(201,15): warning C4018: <: несоответствие типов со знаком и без знака
D:\My projects\Labs2Sem3\List.cpp(222,16): warning C4018: <=: несоответствие типов со знаком и без знака
D:\My projects\Labs2Sem3\List.cpp(241,56): warning C4018: <=: несоответствие типов со знаком и без знака
  Source.cpp
D:\My projects\Labs2Sem3\Source.cpp(7,25): warning C4018: <: несоответствие типов со знаком и без знака
D:\My projects\Labs2Sem3\Source.cpp(60,25): warning C4018: <: несоответствие типов со знаком и без знака
D:\My projects\Labs2Sem3\Source.cpp(68,25): warning C4018: <: несоответствие типов со знаком и без знака
D:\My projects\Labs2Sem3\Source.cpp(156,25): warning C4018: <: несоответствие типов со знаком и без знака
D:\My projects\Labs2Sem3\Source.cpp(159,25): warning C4018: <: несоответствие типов со знаком и без знака
  Создание кода...
D:\My projects\Labs2Sem3\List.cpp(257): warning C4715: List::operator[]: значение возвращается не при всех путях выполнения
  Labs2Sem3.vcxproj -> D:\My projects\Labs2Sem3\Debug\Labs2Sem3.exe
